# JRE version: OpenJDK Runtime Environment (11.0.12+7) (build 11.0.12+7-b1504.28-7817840)
# Java VM: OpenJDK 64-Bit Server VM (11.0.12+7-b1504.28-7817840, mixed mode, tiered, compressed oops, g1 gc, windows-amd64)
Heap:
 garbage-first heap   total 260096K, used 46605K [0x0000000080000000, 0x0000000100000000)
  region size 1024K, 21 young (21504K), 18 survivors (18432K)
 Metaspace       used 55063K, capacity 56533K, committed 56784K, reserved 1097728K
  class space    used 7033K, capacity 7530K, committed 7632K, reserved 1048576K
GC Heap History (12 events):
Event: 0.609 GC heap before
{Heap before GC invocations=0 (full 0):
 garbage-first heap   total 260096K, used 30720K [0x0000000080000000, 0x0000000100000000)
  region size 1024K, 24 young (24576K), 0 survivors (0K)
 Metaspace       used 9848K, capacity 10050K, committed 10112K, reserved 1058816K
  class space    used 1027K, capacity 1102K, committed 1152K, reserved 1048576K
}
Event: 0.612 GC heap after
{Heap after GC invocations=1 (full 0):
 garbage-first heap   total 260096K, used 9199K [0x0000000080000000, 0x0000000100000000)
  region size 1024K, 3 young (3072K), 3 survivors (3072K)
 Metaspace       used 9848K, capacity 10050K, committed 10112K, reserved 1058816K
  class space    used 1027K, capacity 1102K, committed 1152K, reserved 1048576K
}
Event: 2.572 GC heap before
{Heap before GC invocations=1 (full 0):
 garbage-first heap   total 260096K, used 112623K [0x0000000080000000, 0x0000000100000000)
  region size 1024K, 105 young (107520K), 3 survivors (3072K)
 Metaspace       used 20768K, capacity 21149K, committed 21296K, reserved 1069056K
  class space    used 2560K, capacity 2716K, committed 2816K, reserved 1048576K
}
Event: 2.582 GC heap after
{Heap after GC invocations=2 (full 0):
 garbage-first heap   total 260096K, used 16768K [0x0000000080000000, 0x0000000100000000)
  region size 1024K, 11 young (11264K), 11 survivors (11264K)
 Metaspace       used 20768K, capacity 21149K, committed 21296K, reserved 1069056K
  class space    used 2560K, capacity 2716K, committed 2816K, reserved 1048576K
}
Event: 3.312 GC heap before
{Heap before GC invocations=3 (full 0):
 garbage-first heap   total 260096K, used 84352K [0x0000000080000000, 0x0000000100000000)
  region size 1024K, 77 young (78848K), 11 survivors (11264K)
 Metaspace       used 27474K, capacity 28106K, committed 28288K, reserved 1073152K
  class space    used 3615K, capacity 3856K, committed 3968K, reserved 1048576K
}
Event: 3.319 GC heap after
{Heap after GC invocations=4 (full 0):
 garbage-first heap   total 260096K, used 19512K [0x0000000080000000, 0x0000000100000000)
  region size 1024K, 3 young (3072K), 3 survivors (3072K)
 Metaspace       used 27474K, capacity 28106K, committed 28288K, reserved 1073152K
  class space    used 3615K, capacity 3856K, committed 3968K, reserved 1048576K
}
Event: 3.921 GC heap before
{Heap before GC invocations=4 (full 0):
 garbage-first heap   total 260096K, used 64568K [0x0000000080000000, 0x0000000100000000)
  region size 1024K, 48 young (49152K), 3 survivors (3072K)
 Metaspace       used 35057K, capacity 35836K, committed 35920K, reserved 1081344K
  class space    used 4558K, capacity 4879K, committed 4944K, reserved 1048576K
}
Event: 3.931 GC heap after
{Heap after GC invocations=5 (full 0):
 garbage-first heap   total 260096K, used 22164K [0x0000000080000000, 0x0000000100000000)
  region size 1024K, 6 young (6144K), 6 survivors (6144K)
 Metaspace       used 35057K, capacity 35836K, committed 35920K, reserved 1081344K
  class space    used 4558K, capacity 4879K, committed 4944K, reserved 1048576K
}
Event: 5.225 GC heap before
{Heap before GC invocations=6 (full 0):
 garbage-first heap   total 260096K, used 141972K [0x0000000080000000, 0x0000000100000000)
  region size 1024K, 120 young (122880K), 6 survivors (6144K)
 Metaspace       used 45357K, capacity 46500K, committed 46800K, reserved 1089536K
  class space    used 5835K, capacity 6228K, committed 6352K, reserved 1048576K
}
Event: 5.237 GC heap after
{Heap after GC invocations=7 (full 0):
 garbage-first heap   total 260096K, used 29285K [0x0000000080000000, 0x0000000100000000)
  region size 1024K, 13 young (13312K), 13 survivors (13312K)
 Metaspace       used 45357K, capacity 46500K, committed 46800K, reserved 1089536K
  class space    used 5835K, capacity 6228K, committed 6352K, reserved 1048576K
}
Event: 7.072 GC heap before
{Heap before GC invocations=7 (full 0):
 garbage-first heap   total 260096K, used 165477K [0x0000000080000000, 0x0000000100000000)
  region size 1024K, 143 young (146432K), 13 survivors (13312K)
 Metaspace       used 54530K, capacity 55989K, committed 56272K, reserved 1097728K
  class space    used 7000K, capacity 7498K, committed 7632K, reserved 1048576K
}
Event: 7.087 GC heap after
{Heap after GC invocations=8 (full 0):
 garbage-first heap   total 260096K, used 44557K [0x0000000080000000, 0x0000000100000000)
  region size 1024K, 18 young (18432K), 18 survivors (18432K)
 Metaspace       used 54530K, capacity 55989K, committed 56272K, reserved 1097728K
  class space    used 7000K, capacity 7498K, committed 7632K, reserved 1048576K
}

