# JRE version: OpenJDK Runtime Environment (11.0.12+7) (build 11.0.12+7-b1504.28-7817840)
# Java VM: OpenJDK 64-Bit Server VM (11.0.12+7-b1504.28-7817840, mixed mode, tiered, compressed oops, g1 gc, windows-amd64)
Heap:
 garbage-first heap   total 260096K, used 61384K [0x0000000080000000, 0x0000000100000000)
  region size 1024K, 44 young (45056K), 3 survivors (3072K)
 Metaspace       used 33743K, capacity 34566K, committed 34688K, reserved 1079296K
  class space    used 4383K, capacity 4711K, committed 4736K, reserved 1048576K
GC Heap History (6 events):
Event: 0.652 GC heap before
{Heap before GC invocations=0 (full 0):
 garbage-first heap   total 260096K, used 30720K [0x0000000080000000, 0x0000000100000000)
  region size 1024K, 24 young (24576K), 0 survivors (0K)
 Metaspace       used 9837K, capacity 10050K, committed 10112K, reserved 1058816K
  class space    used 1027K, capacity 1102K, committed 1152K, reserved 1048576K
}
Event: 0.656 GC heap after
{Heap after GC invocations=1 (full 0):
 garbage-first heap   total 260096K, used 9418K [0x0000000080000000, 0x0000000100000000)
  region size 1024K, 3 young (3072K), 3 survivors (3072K)
 Metaspace       used 9837K, capacity 10050K, committed 10112K, reserved 1058816K
  class space    used 1027K, capacity 1102K, committed 1152K, reserved 1048576K
}
Event: 2.608 GC heap before
{Heap before GC invocations=1 (full 0):
 garbage-first heap   total 260096K, used 112842K [0x0000000080000000, 0x0000000100000000)
  region size 1024K, 105 young (107520K), 3 survivors (3072K)
 Metaspace       used 20753K, capacity 21140K, committed 21248K, reserved 1067008K
  class space    used 2559K, capacity 2713K, committed 2816K, reserved 1048576K
}
Event: 2.617 GC heap after
{Heap after GC invocations=2 (full 0):
 garbage-first heap   total 260096K, used 17032K [0x0000000080000000, 0x0000000100000000)
  region size 1024K, 11 young (11264K), 11 survivors (11264K)
 Metaspace       used 20753K, capacity 21140K, committed 21248K, reserved 1067008K
  class space    used 2559K, capacity 2713K, committed 2816K, reserved 1048576K
}
Event: 3.285 GC heap before
{Heap before GC invocations=3 (full 0):
 garbage-first heap   total 260096K, used 87688K [0x0000000080000000, 0x0000000100000000)
  region size 1024K, 80 young (81920K), 11 survivors (11264K)
 Metaspace       used 27653K, capacity 28335K, committed 28544K, reserved 1073152K
  class space    used 3646K, capacity 3890K, committed 3968K, reserved 1048576K
}
Event: 3.293 GC heap after
{Heap after GC invocations=4 (full 0):
 garbage-first heap   total 260096K, used 20424K [0x0000000080000000, 0x0000000100000000)
  region size 1024K, 3 young (3072K), 3 survivors (3072K)
 Metaspace       used 27653K, capacity 28335K, committed 28544K, reserved 1073152K
  class space    used 3646K, capacity 3890K, committed 3968K, reserved 1048576K
}

